<?xml version="1.0" encoding="UTF-8"?>
<!-- Generated by org.testng.reporters.JUnitXMLReporter -->
<testsuite hostname="DESKTOP-LSKACAV" ignored="0" name="Login Test" tests="2" failures="0" timestamp="2022-12-13T19:17:29 GMT" time="15.432" errors="0">
  <testcase name="userShouldNavigateToLoginPageSuccessfully" time="1.273" classname="com.ultimateqa.testsuite.LoginPageTest"/>
  <testcase name="verifyTheErrorMessage" time="2.924" classname="com.ultimateqa.testsuite.LoginPageTest"/>
</testsuite> <!-- Login Test -->
