<?xml version="1.0" encoding="UTF-8"?>
<!-- Generated by org.testng.reporters.JUnitXMLReporter -->
<testsuite hostname="DESKTOP-LSKACAV" ignored="0" name="Regression Test" tests="2" failures="0" timestamp="2022-12-13T19:21:37 GMT" time="15.769" errors="0">
  <testcase name="userShouldNavigateToLoginPageSuccessfully" time="1.345" classname="com.ultimateqa.testsuite.LoginPageTest"/>
  <testcase name="verifyTheErrorMessage" time="2.72" classname="com.ultimateqa.testsuite.LoginPageTest"/>
</testsuite> <!-- Regression Test -->
